<?xml version="1.0" encoding="UTF-8"?>
<!-- Generated by org.testng.reporters.JUnitReportReporter -->
<testsuite hostname="BOOK-KDUHJOIVO8" failures="0" tests="1" name="com.inetbanking.testCases.TC_AddCustomer_003" time="15.017" errors="0" timestamp="2024-07-05T00:11:11 IST" skipped="0">
  <testcase classname="com.inetbanking.testCases.TC_AddCustomer_003" name="addNewCustomer" time="15.017"/>
</testsuite> <!-- com.inetbanking.testCases.TC_AddCustomer_003 -->
